
2C:\Users\Miker\Documents\GitHub\squatzonedeuce\handcash-fullstack-template\components\game\systems\SpawnSystem.ts:190 [SPAWN] Level 14: 100 enemies every 1.60s (Elite: false)
C:\Users\Miker\Documents\GitHub\squatzonedeuce\handcash-fullstack-template\components\game\systems\SpawnSystem.ts:196 [SPAWN] Event @ 885.0s: Spawning 1 of chernobog
C:\Users\Miker\Documents\GitHub\squatzonedeuce\handcash-fullstack-template\components\game\systems\SpawnSystem.ts:198 [SPAWN] Message: CHERNOBOG! Dark lord himself! Even bears run from this one!
C:\Users\Miker\Documents\GitHub\squatzonedeuce\handcash-fullstack-template\components\game\systems\SpawnSystem.ts:190 [SPAWN] Level 14: 101 enemies every 1.60s (Elite: false)
C:\Users\Miker\Documents\GitHub\squatzonedeuce\handcash-fullstack-template\components\game\systems\SpawnSystem.ts:196 [SPAWN] Event @ 887.5s: Spawning 10 of shadow_stalker
C:\Users\Miker\Documents\GitHub\squatzonedeuce\handcash-fullstack-template\components\game\systems\SpawnSystem.ts:190 [SPAWN] Level 14: 101 enemies every 1.60s (Elite: true)
C:\Users\Miker\Documents\GitHub\squatzonedeuce\handcash-fullstack-template\components\game\systems\SpawnSystem.ts:190 [SPAWN] Level 14: 102 enemies every 1.60s (Elite: false)
C:\Users\Miker\Documents\GitHub\squatzonedeuce\handcash-fullstack-template\components\game\systems\SpawnSystem.ts:196 [SPAWN] Event @ 890.0s: Spawning 5 of forest_wraith
C:\Users\Miker\Documents\GitHub\squatzonedeuce\handcash-fullstack-template\components\game\systems\SpawnSystem.ts:190 [SPAWN] Level 14: 102 enemies every 1.60s (Elite: false)
C:\Users\Miker\Documents\GitHub\squatzonedeuce\handcash-fullstack-template\components\game\systems\SpawnSystem.ts:196 [SPAWN] Event @ 892.5s: Spawning 20 of spirit_wolf
C:\Users\Miker\Documents\GitHub\squatzonedeuce\handcash-fullstack-template\components\game\systems\SpawnSystem.ts:198 [SPAWN] Message: Final wolf pack! Fight like bear eating last honey pot!
2C:\Users\Miker\Documents\GitHub\squatzonedeuce\handcash-fullstack-template\components\game\systems\SpawnSystem.ts:190 [SPAWN] Level 14: 103 enemies every 1.60s (Elite: false)
C:\Users\Miker\Documents\GitHub\squatzonedeuce\handcash-fullstack-template\components\game\systems\SpawnSystem.ts:190 [SPAWN] Level 14: 104 enemies every 1.60s (Elite: true)
C:\Users\Miker\Documents\GitHub\squatzonedeuce\handcash-fullstack-template\components\game\systems\SpawnSystem.ts:196 [SPAWN] Event @ 897.5s: Spawning 50 of drifter
C:\Users\Miker\Documents\GitHub\squatzonedeuce\handcash-fullstack-template\components\game\systems\SpawnSystem.ts:198 [SPAWN] Message: VICTORY! You are champion! Even the bears applaud!
C:\Users\Miker\Documents\GitHub\squatzonedeuce\handcash-fullstack-template\components\game\systems\SpawnSystem.ts:190 [SPAWN] Level 14: 104 enemies every 1.60s (Elite: false)
C:\Users\Miker\Documents\GitHub\squatzonedeuce\handcash-fullstack-template\components\game\systems\SpawnSystem.ts:190 [SPAWN] Level 14: 105 enemies every 1.60s (Elite: false)
C:\Users\Miker\Documents\GitHub\squatzonedeuce\handcash-fullstack-template\components\game\systems\SpawnSystem.ts:190 [SPAWN] Level 15: 110 enemies every 1.60s (Elite: false)
C:\Users\Miker\Documents\GitHub\squatzonedeuce\handcash-fullstack-template\components\game\systems\SpawnSystem.ts:190 [SPAWN] Level 15: 111 enemies every 1.60s (Elite: false)
C:\Users\Miker\Documents\GitHub\squatzonedeuce\handcash-fullstack-template\components\game\systems\SpawnSystem.ts:190 [SPAWN] Level 15: 111 enemies every 1.60s (Elite: true)
2C:\Users\Miker\Documents\GitHub\squatzonedeuce\handcash-fullstack-template\components\game\systems\SpawnSystem.ts:190 [SPAWN] Level 15: 112 enemies every 1.60s (Elite: false)
2C:\Users\Miker\Documents\GitHub\squatzonedeuce\handcash-fullstack-template\components\game\systems\SpawnSystem.ts:190 [SPAWN] Level 15: 113 enemies every 1.60s (Elite: false)
C:\Users\Miker\Documents\GitHub\squatzonedeuce\handcash-fullstack-template\components\game\systems\SpawnSystem.ts:190 [SPAWN] Level 15: 114 enemies every 1.60s (Elite: true)
C:\Users\Miker\Documents\GitHub\squatzonedeuce\handcash-fullstack-template\components\game\systems\SpawnSystem.ts:190 [SPAWN] Level 15: 114 enemies every 1.60s (Elite: false)
2C:\Users\Miker\Documents\GitHub\squatzonedeuce\handcash-fullstack-template\components\game\systems\SpawnSystem.ts:190 [SPAWN] Level 15: 115 enemies every 1.60s (Elite: false)
C:\Users\Miker\Documents\GitHub\squatzonedeuce\handcash-fullstack-template\components\game\systems\SpawnSystem.ts:190 [SPAWN] Level 15: 116 enemies every 1.60s (Elite: false)
C:\Users\Miker\Documents\GitHub\squatzonedeuce\handcash-fullstack-template\components\game\SlavicSurvivors.tsx:480 [LevelUp] Regenerating choices with loaded templates
C:\Users\Miker\Documents\GitHub\squatzonedeuce\handcash-fullstack-template\components\game\SlavicSurvivors.tsx:489 [LevelUp] Updating choices with imageUrls
C:\Users\Miker\Documents\GitHub\squatzonedeuce\handcash-fullstack-template\components\game\SlavicSurvivors.tsx:480 [LevelUp] Regenerating choices with loaded templates
C:\Users\Miker\Documents\GitHub\squatzonedeuce\handcash-fullstack-template\components\game\systems\SpawnSystem.ts:190 [SPAWN] Level 15: 116 enemies every 1.60s (Elite: true)
C:\Users\Miker\Documents\GitHub\squatzonedeuce\handcash-fullstack-template\components\game\systems\SpawnSystem.ts:190 [SPAWN] Level 15: 117 enemies every 1.60s (Elite: false)
2C:\Users\Miker\Documents\GitHub\squatzonedeuce\handcash-fullstack-template\components\game\systems\SpawnSystem.ts:190 [SPAWN] Level 15: 118 enemies every 1.60s (Elite: false)
C:\Users\Miker\Documents\GitHub\squatzonedeuce\handcash-fullstack-template\components\game\systems\SpawnSystem.ts:190 [SPAWN] Level 15: 119 enemies every 1.60s (Elite: false)
C:\Users\Miker\Documents\GitHub\squatzonedeuce\handcash-fullstack-template\components\game\systems\SpawnSystem.ts:190 [SPAWN] Level 15: 119 enemies every 1.60s (Elite: true)
2C:\Users\Miker\Documents\GitHub\squatzonedeuce\handcash-fullstack-template\components\game\systems\SpawnSystem.ts:190 [SPAWN] Level 15: 120 enemies every 1.60s (Elite: false)
C:\Users\Miker\Documents\GitHub\squatzonedeuce\handcash-fullstack-template\components\game\systems\SpawnSystem.ts:190 [SPAWN] Level 15: 121 enemies every 1.60s (Elite: false)
C:\Users\Miker\Documents\GitHub\squatzonedeuce\handcash-fullstack-template\components\game\systems\SpawnSystem.ts:190 [SPAWN] Level 15: 122 enemies every 1.60s (Elite: false)
C:\Users\Miker\Documents\GitHub\squatzonedeuce\handcash-fullstack-template\components\game\systems\SpawnSystem.ts:190 [SPAWN] Level 15: 122 enemies every 1.60s (Elite: true)
C:\Users\Miker\Documents\GitHub\squatzonedeuce\handcash-fullstack-template\components\game\systems\SpawnSystem.ts:190 [SPAWN] Level 15: 123 enemies every 1.60s (Elite: false)
C:\Users\Miker\Documents\GitHub\squatzonedeuce\handcash-fullstack-template\components\game\systems\AirdropSystem.ts:112 [AirdropSystem] Spawned airdrop at (-20.5, -100.3)
C:\Users\Miker\Documents\GitHub\squatzonedeuce\handcash-fullstack-template\components\game\systems\SpawnSystem.ts:190 [SPAWN] Level 15: 123 enemies every 1.60s (Elite: false)
C:\Users\Miker\Documents\GitHub\squatzonedeuce\handcash-fullstack-template\components\game\systems\SpawnSystem.ts:190 [SPAWN] Level 15: 124 enemies every 1.60s (Elite: false)
C:\Users\Miker\Documents\GitHub\squatzonedeuce\handcash-fullstack-template\components\game\systems\SpawnSystem.ts:190 [SPAWN] Level 15: 125 enemies every 1.60s (Elite: false)
C:\Users\Miker\Documents\GitHub\squatzonedeuce\handcash-fullstack-template\components\game\systems\SpawnSystem.ts:190 [SPAWN] Level 15: 125 enemies every 1.60s (Elite: true)
2C:\Users\Miker\Documents\GitHub\squatzonedeuce\handcash-fullstack-template\components\game\systems\SpawnSystem.ts:190 [SPAWN] Level 15: 126 enemies every 1.60s (Elite: false)
C:\Users\Miker\Documents\GitHub\squatzonedeuce\handcash-fullstack-template\components\game\systems\SpawnSystem.ts:190 [SPAWN] Level 15: 127 enemies every 1.60s (Elite: false)
C:\Users\Miker\Documents\GitHub\squatzonedeuce\handcash-fullstack-template\components\game\systems\SpawnSystem.ts:190 [SPAWN] Level 15: 128 enemies every 1.60s (Elite: false)
C:\Users\Miker\Documents\GitHub\squatzonedeuce\handcash-fullstack-template\components\game\systems\SpawnSystem.ts:190 [SPAWN] Level 15: 128 enemies every 1.60s (Elite: true)
C:\Users\Miker\Documents\GitHub\squatzonedeuce\handcash-fullstack-template\components\game\systems\SpawnSystem.ts:190 [SPAWN] Level 15: 129 enemies every 1.60s (Elite: false)
2C:\Users\Miker\Documents\GitHub\squatzonedeuce\handcash-fullstack-template\components\game\systems\SpawnSystem.ts:190 [SPAWN] Level 15: 130 enemies every 1.60s (Elite: false)
C:\Users\Miker\Documents\GitHub\squatzonedeuce\handcash-fullstack-template\components\game\systems\SpawnSystem.ts:190 [SPAWN] Level 15: 131 enemies every 1.60s (Elite: false)
C:\Users\Miker\Documents\GitHub\squatzonedeuce\handcash-fullstack-template\components\game\systems\SpawnSystem.ts:190 [SPAWN] Level 16: 131 enemies every 1.60s (Elite: true)
C:\Users\Miker\Documents\GitHub\squatzonedeuce\handcash-fullstack-template\components\game\systems\AirdropSystem.ts:117 [AirdropSystem] Airdrop collected!
C:\Users\Miker\Documents\GitHub\squatzonedeuce\handcash-fullstack-template\components\game\systems\SpawnSystem.ts:190 [SPAWN] Level 16: 132 enemies every 1.60s (Elite: false)
2C:\Users\Miker\Documents\GitHub\squatzonedeuce\handcash-fullstack-template\components\game\systems\SpawnSystem.ts:190 [SPAWN] Level 16: 133 enemies every 1.60s (Elite: false)
C:\Users\Miker\Documents\GitHub\squatzonedeuce\handcash-fullstack-template\components\game\systems\SpawnSystem.ts:190 [SPAWN] Level 16: 134 enemies every 1.60s (Elite: false)
C:\Users\Miker\Documents\GitHub\squatzonedeuce\handcash-fullstack-template\components\game\systems\SpawnSystem.ts:190 [SPAWN] Level 16: 135 enemies every 1.60s (Elite: true)
C:\Users\Miker\Documents\GitHub\squatzonedeuce\handcash-fullstack-template\components\game\systems\SpawnSystem.ts:190 [SPAWN] Level 16: 135 enemies every 1.60s (Elite: false)
C:\Users\Miker\Documents\GitHub\squatzonedeuce\handcash-fullstack-template\components\game\systems\SpawnSystem.ts:190 [SPAWN] Level 16: 136 enemies every 1.60s (Elite: false)
2C:\Users\Miker\Documents\GitHub\squatzonedeuce\handcash-fullstack-template\components\game\systems\SpawnSystem.ts:190 [SPAWN] Level 16: 137 enemies every 1.60s (Elite: false)
C:\Users\Miker\Documents\GitHub\squatzonedeuce\handcash-fullstack-template\components\game\systems\SpawnSystem.ts:190 [SPAWN] Level 16: 138 enemies every 1.60s (Elite: true)
2C:\Users\Miker\Documents\GitHub\squatzonedeuce\handcash-fullstack-template\components\game\systems\SpawnSystem.ts:190 [SPAWN] Level 16: 139 enemies every 1.60s (Elite: false)
C:\Users\Miker\Documents\GitHub\squatzonedeuce\handcash-fullstack-template\components\game\systems\SpawnSystem.ts:190 [SPAWN] Level 16: 140 enemies every 1.60s (Elite: false)
C:\Users\Miker\Documents\GitHub\squatzonedeuce\handcash-fullstack-template\components\game\systems\SpawnSystem.ts:190 [SPAWN] Level 16: 141 enemies every 1.60s (Elite: false)
C:\Users\Miker\Documents\GitHub\squatzonedeuce\handcash-fullstack-template\components\game\systems\SpawnSystem.ts:190 [SPAWN] Level 16: 142 enemies every 1.60s (Elite: true)
C:\Users\Miker\Documents\GitHub\squatzonedeuce\handcash-fullstack-template\components\game\systems\SpawnSystem.ts:190 [SPAWN] Level 16: 142 enemies every 1.60s (Elite: false)
C:\Users\Miker\Documents\GitHub\squatzonedeuce\handcash-fullstack-template\components\game\systems\SpawnSystem.ts:190 [SPAWN] Level 16: 143 enemies every 1.60s (Elite: false)
2C:\Users\Miker\Documents\GitHub\squatzonedeuce\handcash-fullstack-template\components\game\systems\SpawnSystem.ts:190 [SPAWN] Level 16: 144 enemies every 1.60s (Elite: false)
C:\Users\Miker\Documents\GitHub\squatzonedeuce\handcash-fullstack-template\components\game\systems\SpawnSystem.ts:190 [SPAWN] Level 16: 145 enemies every 1.60s (Elite: true)
C:\Users\Miker\Documents\GitHub\squatzonedeuce\handcash-fullstack-template\components\game\systems\SpawnSystem.ts:190 [SPAWN] Level 16: 146 enemies every 1.60s (Elite: false)
2C:\Users\Miker\Documents\GitHub\squatzonedeuce\handcash-fullstack-template\components\game\systems\SpawnSystem.ts:190 [SPAWN] Level 16: 147 enemies every 1.60s (Elite: false)
C:\Users\Miker\Documents\GitHub\squatzonedeuce\handcash-fullstack-template\components\game\systems\AirdropSystem.ts:112 [AirdropSystem] Spawned airdrop at (34.2, -89.1)
C:\Users\Miker\Documents\GitHub\squatzonedeuce\handcash-fullstack-template\components\game\systems\SpawnSystem.ts:190 [SPAWN] Level 16: 148 enemies every 1.60s (Elite: false)
C:\Users\Miker\Documents\GitHub\squatzonedeuce\handcash-fullstack-template\components\game\systems\SpawnSystem.ts:190 [SPAWN] Level 16: 149 enemies every 1.60s (Elite: true)
2C:\Users\Miker\Documents\GitHub\squatzonedeuce\handcash-fullstack-template\components\game\systems\SpawnSystem.ts:190 [SPAWN] Level 16: 150 enemies every 1.60s (Elite: false)
C:\Users\Miker\Documents\GitHub\squatzonedeuce\handcash-fullstack-template\components\game\systems\SpawnSystem.ts:190 [SPAWN] Level 16: 151 enemies every 1.60s (Elite: false)
C:\Users\Miker\Documents\GitHub\squatzonedeuce\handcash-fullstack-template\components\game\systems\SpawnSystem.ts:190 [SPAWN] Level 16: 152 enemies every 1.60s (Elite: false)
C:\Users\Miker\Documents\GitHub\squatzonedeuce\handcash-fullstack-template\components\game\systems\AirdropSystem.ts:117 [AirdropSystem] Airdrop collected!
C:\Users\Miker\Documents\GitHub\squatzonedeuce\handcash-fullstack-template\components\game\systems\SpawnSystem.ts:190 [SPAWN] Level 16: 153 enemies every 1.60s (Elite: true)
C:\Users\Miker\Documents\GitHub\squatzonedeuce\handcash-fullstack-template\components\game\systems\SpawnSystem.ts:190 [SPAWN] Level 16: 153 enemies every 1.60s (Elite: false)
C:\Users\Miker\Documents\GitHub\squatzonedeuce\handcash-fullstack-template\components\game\systems\SpawnSystem.ts:190 [SPAWN] Level 16: 154 enemies every 1.60s (Elite: false)
C:\Users\Miker\Documents\GitHub\squatzonedeuce\handcash-fullstack-template\components\game\systems\SpawnSystem.ts:190 [SPAWN] Level 16: 155 enemies every 1.60s (Elite: false)
C:\Users\Miker\Documents\GitHub\squatzonedeuce\handcash-fullstack-template\components\game\systems\SpawnSystem.ts:190 [SPAWN] Level 16: 156 enemies every 1.60s (Elite: false)
C:\Users\Miker\Documents\GitHub\squatzonedeuce\handcash-fullstack-template\components\game\systems\SpawnSystem.ts:190 [SPAWN] Level 16: 156 enemies every 1.60s (Elite: true)
C:\Users\Miker\Documents\GitHub\squatzonedeuce\handcash-fullstack-template\components\game\systems\SpawnSystem.ts:190 [SPAWN] Level 16: 157 enemies every 1.60s (Elite: false)
C:\Users\Miker\Documents\GitHub\squatzonedeuce\handcash-fullstack-template\components\game\systems\SpawnSystem.ts:190 [SPAWN] Level 17: 158 enemies every 1.60s (Elite: false)
C:\Users\Miker\Documents\GitHub\squatzonedeuce\handcash-fullstack-template\components\game\systems\SpawnSystem.ts:190 [SPAWN] Level 17: 159 enemies every 1.60s (Elite: false)
C:\Users\Miker\Documents\GitHub\squatzonedeuce\handcash-fullstack-template\components\game\systems\SpawnSystem.ts:190 [SPAWN] Level 17: 160 enemies every 1.60s (Elite: false)
C:\Users\Miker\Documents\GitHub\squatzonedeuce\handcash-fullstack-template\components\game\systems\SpawnSystem.ts:190 [SPAWN] Level 17: 160 enemies every 1.60s (Elite: true)
C:\Users\Miker\Documents\GitHub\squatzonedeuce\handcash-fullstack-template\components\game\systems\SpawnSystem.ts:190 [SPAWN] Level 17: 161 enemies every 1.60s (Elite: false)
C:\Users\Miker\Documents\GitHub\squatzonedeuce\handcash-fullstack-template\components\game\systems\SpawnSystem.ts:190 [SPAWN] Level 17: 162 enemies every 1.60s (Elite: false)
C:\Users\Miker\Documents\GitHub\squatzonedeuce\handcash-fullstack-template\components\game\systems\SpawnSystem.ts:190 [SPAWN] Level 17: 163 enemies every 1.60s (Elite: false)
C:\Users\Miker\Documents\GitHub\squatzonedeuce\handcash-fullstack-template\components\game\systems\SpawnSystem.ts:190 [SPAWN] Level 17: 164 enemies every 1.60s (Elite: false)
C:\Users\Miker\Documents\GitHub\squatzonedeuce\handcash-fullstack-template\components\game\systems\SpawnSystem.ts:190 [SPAWN] Level 17: 165 enemies every 1.60s (Elite: true)
C:\Users\Miker\Documents\GitHub\squatzonedeuce\handcash-fullstack-template\components\game\systems\SpawnSystem.ts:190 [SPAWN] Level 17: 165 enemies every 1.60s (Elite: false)
C:\Users\Miker\Documents\GitHub\squatzonedeuce\handcash-fullstack-template\components\game\systems\SpawnSystem.ts:190 [SPAWN] Level 17: 166 enemies every 1.60s (Elite: false)
C:\Users\Miker\Documents\GitHub\squatzonedeuce\handcash-fullstack-template\components\game\systems\SpawnSystem.ts:190 [SPAWN] Level 17: 167 enemies every 1.60s (Elite: false)
C:\Users\Miker\Documents\GitHub\squatzonedeuce\handcash-fullstack-template\components\game\systems\SpawnSystem.ts:190 [SPAWN] Level 17: 168 enemies every 1.60s (Elite: false)
C:\Users\Miker\Documents\GitHub\squatzonedeuce\handcash-fullstack-template\components\game\systems\SpawnSystem.ts:190 [SPAWN] Level 17: 169 enemies every 1.60s (Elite: true)
C:\Users\Miker\Documents\GitHub\squatzonedeuce\handcash-fullstack-template\components\game\systems\SpawnSystem.ts:190 [SPAWN] Level 17: 170 enemies every 1.60s (Elite: false)
C:\Users\Miker\Documents\GitHub\squatzonedeuce\handcash-fullstack-template\components\game\systems\SpawnSystem.ts:190 [SPAWN] Level 17: 171 enemies every 1.60s (Elite: false)
2C:\Users\Miker\Documents\GitHub\squatzonedeuce\handcash-fullstack-template\components\game\systems\SpawnSystem.ts:190 [SPAWN] Level 17: 172 enemies every 1.60s (Elite: false)
C:\Users\Miker\Documents\GitHub\squatzonedeuce\handcash-fullstack-template\components\game\SlavicSurvivors.tsx:480 [LevelUp] Regenerating choices with loaded templates
C:\Users\Miker\Documents\GitHub\squatzonedeuce\handcash-fullstack-template\components\game\SlavicSurvivors.tsx:489 [LevelUp] Updating choices with imageUrls
C:\Users\Miker\Documents\GitHub\squatzonedeuce\handcash-fullstack-template\components\game\SlavicSurvivors.tsx:480 [LevelUp] Regenerating choices with loaded templates
C:\Users\Miker\Documents\GitHub\squatzonedeuce\handcash-fullstack-template\components\game\systems\SpawnSystem.ts:190 [SPAWN] Level 17: 173 enemies every 1.60s (Elite: true)
C:\Users\Miker\Documents\GitHub\squatzonedeuce\handcash-fullstack-template\components\game\systems\SpawnSystem.ts:190 [SPAWN] Level 17: 174 enemies every 1.60s (Elite: false)
C:\Users\Miker\Documents\GitHub\squatzonedeuce\handcash-fullstack-template\components\game\systems\SpawnSystem.ts:190 [SPAWN] Level 17: 175 enemies every 1.60s (Elite: false)
C:\Users\Miker\Documents\GitHub\squatzonedeuce\handcash-fullstack-template\components\game\systems\SpawnSystem.ts:190 [SPAWN] Level 17: 176 enemies every 1.60s (Elite: false)
C:\Users\Miker\Documents\GitHub\squatzonedeuce\handcash-fullstack-template\components\game\systems\SpawnSystem.ts:190 [SPAWN] Level 17: 177 enemies every 1.60s (Elite: false)
C:\Users\Miker\Documents\GitHub\squatzonedeuce\handcash-fullstack-template\components\game\systems\SpawnSystem.ts:190 [SPAWN] Level 17: 178 enemies every 1.60s (Elite: true)
C:\Users\Miker\Documents\GitHub\squatzonedeuce\handcash-fullstack-template\components\game\systems\AirdropSystem.ts:112 [AirdropSystem] Spawned airdrop at (13.7, -115.1)
C:\Users\Miker\Documents\GitHub\squatzonedeuce\handcash-fullstack-template\components\game\systems\SpawnSystem.ts:190 [SPAWN] Level 17: 179 enemies every 1.60s (Elite: false)
C:\Users\Miker\Documents\GitHub\squatzonedeuce\handcash-fullstack-template\components\game\systems\SpawnSystem.ts:190 [SPAWN] Level 17: 180 enemies every 1.60s (Elite: false)
C:\Users\Miker\Documents\GitHub\squatzonedeuce\handcash-fullstack-template\components\game\systems\SpawnSystem.ts:190 [SPAWN] Level 17: 181 enemies every 1.60s (Elite: false)
C:\Users\Miker\Documents\GitHub\squatzonedeuce\handcash-fullstack-template\components\game\systems\SpawnSystem.ts:190 [SPAWN] Level 17: 182 enemies every 1.60s (Elite: false)
C:\Users\Miker\Documents\GitHub\squatzonedeuce\handcash-fullstack-template\components\game\systems\SpawnSystem.ts:190 [SPAWN] Level 17: 183 enemies every 1.60s (Elite: true)
C:\Users\Miker\Documents\GitHub\squatzonedeuce\handcash-fullstack-template\components\game\systems\SpawnSystem.ts:190 [SPAWN] Level 17: 183 enemies every 1.60s (Elite: false)
C:\Users\Miker\Documents\GitHub\squatzonedeuce\handcash-fullstack-template\components\game\systems\AirdropSystem.ts:117 [AirdropSystem] Airdrop collected!
C:\Users\Miker\Documents\GitHub\squatzonedeuce\handcash-fullstack-template\components\game\systems\SpawnSystem.ts:190 [SPAWN] Level 17: 184 enemies every 1.60s (Elite: false)
C:\Users\Miker\Documents\GitHub\squatzonedeuce\handcash-fullstack-template\components\game\systems\SpawnSystem.ts:190 [SPAWN] Level 17: 185 enemies every 1.60s (Elite: false)
C:\Users\Miker\Documents\GitHub\squatzonedeuce\handcash-fullstack-template\components\game\systems\SpawnSystem.ts:190 [SPAWN] Level 17: 186 enemies every 1.60s (Elite: false)
C:\Users\Miker\Documents\GitHub\squatzonedeuce\handcash-fullstack-template\components\game\systems\SpawnSystem.ts:190 [SPAWN] Level 17: 187 enemies every 1.60s (Elite: true)
C:\Users\Miker\Documents\GitHub\squatzonedeuce\handcash-fullstack-template\components\game\systems\SpawnSystem.ts:190 [SPAWN] Level 17: 188 enemies every 1.60s (Elite: false)
C:\Users\Miker\Documents\GitHub\squatzonedeuce\handcash-fullstack-template\components\game\systems\SpawnSystem.ts:190 [SPAWN] Level 17: 189 enemies every 1.60s (Elite: false)
C:\Users\Miker\Documents\GitHub\squatzonedeuce\handcash-fullstack-template\components\game\systems\SpawnSystem.ts:190 [SPAWN] Level 17: 190 enemies every 1.60s (Elite: false)
C:\Users\Miker\Documents\GitHub\squatzonedeuce\handcash-fullstack-template\components\game\systems\SpawnSystem.ts:190 [SPAWN] Level 18: 196 enemies every 1.60s (Elite: false)
C:\Users\Miker\Documents\GitHub\squatzonedeuce\handcash-fullstack-template\components\game\systems\SpawnSystem.ts:190 [SPAWN] Level 18: 197 enemies every 1.60s (Elite: true)
C:\Users\Miker\Documents\GitHub\squatzonedeuce\handcash-fullstack-template\components\game\systems\SpawnSystem.ts:190 [SPAWN] Level 18: 198 enemies every 1.60s (Elite: false)
C:\Users\Miker\Documents\GitHub\squatzonedeuce\handcash-fullstack-template\components\game\systems\SpawnSystem.ts:190 [SPAWN] Level 18: 199 enemies every 1.60s (Elite: false)
C:\Users\Miker\Documents\GitHub\squatzonedeuce\handcash-fullstack-template\components\game\systems\SpawnSystem.ts:190 [SPAWN] Level 18: 200 enemies every 1.60s (Elite: false)
C:\Users\Miker\Documents\GitHub\squatzonedeuce\handcash-fullstack-template\components\game\systems\SpawnSystem.ts:190 [SPAWN] Level 18: 201 enemies every 1.60s (Elite: false)
C:\Users\Miker\Documents\GitHub\squatzonedeuce\handcash-fullstack-template\components\game\systems\SpawnSystem.ts:190 [SPAWN] Level 18: 202 enemies every 1.60s (Elite: true)
C:\Users\Miker\Documents\GitHub\squatzonedeuce\handcash-fullstack-template\components\game\systems\SpawnSystem.ts:190 [SPAWN] Level 18: 204 enemies every 1.60s (Elite: false)
C:\Users\Miker\Documents\GitHub\squatzonedeuce\handcash-fullstack-template\components\game\systems\SpawnSystem.ts:190 [SPAWN] Level 18: 205 enemies every 1.60s (Elite: false)
C:\Users\Miker\Documents\GitHub\squatzonedeuce\handcash-fullstack-template\components\game\systems\SpawnSystem.ts:190 [SPAWN] Level 18: 206 enemies every 1.60s (Elite: false)
C:\Users\Miker\Documents\GitHub\squatzonedeuce\handcash-fullstack-template\components\game\systems\SpawnSystem.ts:190 [SPAWN] Level 18: 207 enemies every 1.60s (Elite: false)
C:\Users\Miker\Documents\GitHub\squatzonedeuce\handcash-fullstack-template\components\game\systems\SpawnSystem.ts:190 [SPAWN] Level 18: 208 enemies every 1.60s (Elite: true)
C:\Users\Miker\Documents\GitHub\squatzonedeuce\handcash-fullstack-template\components\game\systems\SpawnSystem.ts:190 [SPAWN] Level 18: 209 enemies every 1.60s (Elite: false)
C:\Users\Miker\Documents\GitHub\squatzonedeuce\handcash-fullstack-template\components\game\systems\SpawnSystem.ts:190 [SPAWN] Level 18: 210 enemies every 1.60s (Elite: false)
C:\Users\Miker\Documents\GitHub\squatzonedeuce\handcash-fullstack-template\components\game\systems\SpawnSystem.ts:190 [SPAWN] Level 18: 211 enemies every 1.60s (Elite: false)
C:\Users\Miker\Documents\GitHub\squatzonedeuce\handcash-fullstack-template\components\game\systems\SpawnSystem.ts:190 [SPAWN] Level 18: 212 enemies every 1.60s (Elite: false)
C:\Users\Miker\Documents\GitHub\squatzonedeuce\handcash-fullstack-template\components\game\systems\SpawnSystem.ts:190 [SPAWN] Level 18: 213 enemies every 1.60s (Elite: true)
C:\Users\Miker\Documents\GitHub\squatzonedeuce\handcash-fullstack-template\components\game\systems\SpawnSystem.ts:190 [SPAWN] Level 18: 214 enemies every 1.60s (Elite: false)
C:\Users\Miker\Documents\GitHub\squatzonedeuce\handcash-fullstack-template\components\game\systems\SpawnSystem.ts:190 [SPAWN] Level 18: 215 enemies every 1.60s (Elite: false)
C:\Users\Miker\Documents\GitHub\squatzonedeuce\handcash-fullstack-template\components\game\systems\SpawnSystem.ts:190 [SPAWN] Level 18: 217 enemies every 1.60s (Elite: false)
C:\Users\Miker\Documents\GitHub\squatzonedeuce\handcash-fullstack-template\components\game\systems\SpawnSystem.ts:190 [SPAWN] Level 18: 218 enemies every 1.60s (Elite: false)
C:\Users\Miker\Documents\GitHub\squatzonedeuce\handcash-fullstack-template\components\game\systems\SpawnSystem.ts:190 [SPAWN] Level 18: 219 enemies every 1.60s (Elite: true)
C:\Users\Miker\Documents\GitHub\squatzonedeuce\handcash-fullstack-template\components\game\systems\SpawnSystem.ts:190 [SPAWN] Level 18: 220 enemies every 1.60s (Elite: false)
C:\Users\Miker\Documents\GitHub\squatzonedeuce\handcash-fullstack-template\components\game\systems\SpawnSystem.ts:190 [SPAWN] Level 18: 221 enemies every 1.60s (Elite: false)
C:\Users\Miker\Documents\GitHub\squatzonedeuce\handcash-fullstack-template\components\game\systems\AirdropSystem.ts:112 [AirdropSystem] Spawned airdrop at (-28.3, -96.0)
C:\Users\Miker\Documents\GitHub\squatzonedeuce\handcash-fullstack-template\components\game\systems\SpawnSystem.ts:190 [SPAWN] Level 18: 222 enemies every 1.60s (Elite: false)
C:\Users\Miker\Documents\GitHub\squatzonedeuce\handcash-fullstack-template\components\game\systems\SpawnSystem.ts:190 [SPAWN] Level 18: 223 enemies every 1.60s (Elite: false)
C:\Users\Miker\Documents\GitHub\squatzonedeuce\handcash-fullstack-template\components\game\systems\SpawnSystem.ts:190 [SPAWN] Level 18: 225 enemies every 1.60s (Elite: true)
C:\Users\Miker\Documents\GitHub\squatzonedeuce\handcash-fullstack-template\components\game\systems\SpawnSystem.ts:190 [SPAWN] Level 18: 226 enemies every 1.60s (Elite: false)
C:\Users\Miker\Documents\GitHub\squatzonedeuce\handcash-fullstack-template\components\game\systems\AirdropSystem.ts:117 [AirdropSystem] Airdrop collected!
C:\Users\Miker\Documents\GitHub\squatzonedeuce\handcash-fullstack-template\components\game\systems\SpawnSystem.ts:190 [SPAWN] Level 18: 227 enemies every 1.60s (Elite: false)
C:\Users\Miker\Documents\GitHub\squatzonedeuce\handcash-fullstack-template\components\game\systems\SpawnSystem.ts:190 [SPAWN] Level 18: 228 enemies every 1.60s (Elite: false)
C:\Users\Miker\Documents\GitHub\squatzonedeuce\handcash-fullstack-template\components\game\systems\SpawnSystem.ts:190 [SPAWN] Level 18: 229 enemies every 1.60s (Elite: false)
C:\Users\Miker\Documents\GitHub\squatzonedeuce\handcash-fullstack-template\components\game\systems\SpawnSystem.ts:190 [SPAWN] Level 18: 231 enemies every 1.60s (Elite: true)
C:\Users\Miker\Documents\GitHub\squatzonedeuce\handcash-fullstack-template\components\game\systems\SpawnSystem.ts:190 [SPAWN] Level 18: 232 enemies every 1.60s (Elite: false)
C:\Users\Miker\Documents\GitHub\squatzonedeuce\handcash-fullstack-template\components\game\systems\SpawnSystem.ts:190 [SPAWN] Level 18: 233 enemies every 1.60s (Elite: false)
C:\Users\Miker\Documents\GitHub\squatzonedeuce\handcash-fullstack-template\components\game\systems\SpawnSystem.ts:190 [SPAWN] Level 18: 234 enemies every 1.60s (Elite: false)
C:\Users\Miker\Documents\GitHub\squatzonedeuce\handcash-fullstack-template\components\game\systems\SpawnSystem.ts:190 [SPAWN] Level 18: 235 enemies every 1.60s (Elite: false)
C:\Users\Miker\Documents\GitHub\squatzonedeuce\handcash-fullstack-template\components\game\systems\SpawnSystem.ts:190 [SPAWN] Level 18: 237 enemies every 1.60s (Elite: true)
C:\Users\Miker\Documents\GitHub\squatzonedeuce\handcash-fullstack-template\components\game\systems\SpawnSystem.ts:190 [SPAWN] Level 19: 238 enemies every 1.60s (Elite: false)
C:\Users\Miker\Documents\GitHub\squatzonedeuce\handcash-fullstack-template\components\game\systems\SpawnSystem.ts:190 [SPAWN] Level 19: 239 enemies every 1.60s (Elite: false)
C:\Users\Miker\Documents\GitHub\squatzonedeuce\handcash-fullstack-template\components\game\systems\SpawnSystem.ts:190 [SPAWN] Level 19: 240 enemies every 1.60s (Elite: false)
C:\Users\Miker\Documents\GitHub\squatzonedeuce\handcash-fullstack-template\components\game\systems\SpawnSystem.ts:190 [SPAWN] Level 19: 242 enemies every 1.60s (Elite: false)
C:\Users\Miker\Documents\GitHub\squatzonedeuce\handcash-fullstack-template\components\game\systems\SpawnSystem.ts:190 [SPAWN] Level 19: 243 enemies every 1.60s (Elite: true)
C:\Users\Miker\Documents\GitHub\squatzonedeuce\handcash-fullstack-template\components\game\systems\SpawnSystem.ts:190 [SPAWN] Level 19: 244 enemies every 1.60s (Elite: false)
C:\Users\Miker\Documents\GitHub\squatzonedeuce\handcash-fullstack-template\components\game\systems\SpawnSystem.ts:190 [SPAWN] Level 19: 246 enemies every 1.60s (Elite: false)
C:\Users\Miker\Documents\GitHub\squatzonedeuce\handcash-fullstack-template\components\game\systems\SpawnSystem.ts:190 [SPAWN] Level 19: 247 enemies every 1.60s (Elite: false)
C:\Users\Miker\Documents\GitHub\squatzonedeuce\handcash-fullstack-template\components\game\systems\SpawnSystem.ts:190 [SPAWN] Level 19: 248 enemies every 1.60s (Elite: false)
C:\Users\Miker\Documents\GitHub\squatzonedeuce\handcash-fullstack-template\components\game\systems\SpawnSystem.ts:190 [SPAWN] Level 19: 249 enemies every 1.60s (Elite: true)
C:\Users\Miker\Documents\GitHub\squatzonedeuce\handcash-fullstack-template\components\game\systems\SpawnSystem.ts:190 [SPAWN] Level 19: 251 enemies every 1.60s (Elite: false)
C:\Users\Miker\Documents\GitHub\squatzonedeuce\handcash-fullstack-template\components\game\systems\SpawnSystem.ts:190 [SPAWN] Level 19: 252 enemies every 1.60s (Elite: false)
C:\Users\Miker\Documents\GitHub\squatzonedeuce\handcash-fullstack-template\components\game\systems\SpawnSystem.ts:190 [SPAWN] Level 19: 253 enemies every 1.60s (Elite: false)
C:\Users\Miker\Documents\GitHub\squatzonedeuce\handcash-fullstack-template\components\game\systems\SpawnSystem.ts:190 [SPAWN] Level 19: 255 enemies every 1.60s (Elite: false)
C:\Users\Miker\Documents\GitHub\squatzonedeuce\handcash-fullstack-template\components\game\systems\SpawnSystem.ts:190 [SPAWN] Level 19: 256 enemies every 1.60s (Elite: true)
C:\Users\Miker\Documents\GitHub\squatzonedeuce\handcash-fullstack-template\components\game\systems\SpawnSystem.ts:190 [SPAWN] Level 19: 258 enemies every 1.60s (Elite: false)
C:\Users\Miker\Documents\GitHub\squatzonedeuce\handcash-fullstack-template\components\game\systems\SpawnSystem.ts:190 [SPAWN] Level 19: 259 enemies every 1.60s (Elite: false)
C:\Users\Miker\Documents\GitHub\squatzonedeuce\handcash-fullstack-template\components\game\systems\SpawnSystem.ts:190 [SPAWN] Level 19: 260 enemies every 1.60s (Elite: false)
C:\Users\Miker\Documents\GitHub\squatzonedeuce\handcash-fullstack-template\components\game\systems\SpawnSystem.ts:190 [SPAWN] Level 19: 262 enemies every 1.60s (Elite: false)
C:\Users\Miker\Documents\GitHub\squatzonedeuce\handcash-fullstack-template\components\game\systems\SpawnSystem.ts:190 [SPAWN] Level 19: 263 enemies every 1.60s (Elite: true)
C:\Users\Miker\Documents\GitHub\squatzonedeuce\handcash-fullstack-template\components\game\systems\SpawnSystem.ts:190 [SPAWN] Level 19: 265 enemies every 1.60s (Elite: false)
C:\Users\Miker\Documents\GitHub\squatzonedeuce\handcash-fullstack-template\components\game\hooks\useGameEngine.ts:411 [Replay] submitScore called Object
C:\Users\Miker\Documents\GitHub\squatzonedeuce\handcash-fullstack-template\components\game\SlavicSurvivors.tsx:366 [Replay] submitReplayToDB called Object
C:\Users\Miker\Documents\GitHub\squatzonedeuce\handcash-fullstack-template\components\game\SlavicSurvivors.tsx:376 [Replay] Submitting replay: Object
api/replays:1  Failed to load resource: the server responded with a status of 403 (Forbidden)Understand this error
C:\Users\Miker\Documents\GitHub\squatzonedeuce\handcash-fullstack-template\components\game\SlavicSurvivors.tsx:396 [Replay] Score submission result: Object
C:\Users\Miker\Documents\GitHub\squatzonedeuce\handcash-fullstack-template\components\game\SlavicSurvivors.tsx:480 [LevelUp] Regenerating choices with loaded templates
C:\Users\Miker\Documents\GitHub\squatzonedeuce\handcash-fullstack-template\components\game\SlavicSurvivors.tsx:489 [LevelUp] Updating choices with imageUrls
C:\Users\Miker\Documents\GitHub\squatzonedeuce\handcash-fullstack-template\components\game\SlavicSurvivors.tsx:480 [LevelUp] Regenerating choices with loaded templates
C:\Users\Miker\Documents\GitHub\squatzonedeuce\handcash-fullstack-template\components\game\core\ProfiledGameLoop.ts:103 [ProfiledGameLoop] Too many updates in single frame, skipping remaining
ProfiledGameLoop.loop @ C:\Users\Miker\Documents\GitHub\squatzonedeuce\handcash-fullstack-template\components\game\core\ProfiledGameLoop.ts:103Understand this warning
C:\Users\Miker\Documents\GitHub\squatzonedeuce\handcash-fullstack-template\components\game\systems\SpawnSystem.ts:190 [SPAWN] Level 19: 266 enemies every 1.60s (Elite: false)
C:\Users\Miker\Documents\GitHub\squatzonedeuce\handcash-fullstack-template\components\game\systems\SpawnSystem.ts:190 [SPAWN] Level 19: 267 enemies every 1.60s (Elite: false)
C:\Users\Miker\Documents\GitHub\squatzonedeuce\handcash-fullstack-template\components\game\systems\SpawnSystem.ts:190 [SPAWN] Level 19: 269 enemies every 1.60s (Elite: false)
C:\Users\Miker\Documents\GitHub\squatzonedeuce\handcash-fullstack-template\components\game\systems\AirdropSystem.ts:112 [AirdropSystem] Spawned airdrop at (12.6, -139.8)
C:\Users\Miker\Documents\GitHub\squatzonedeuce\handcash-fullstack-template\components\game\systems\SpawnSystem.ts:190 [SPAWN] Level 19: 270 enemies every 1.60s (Elite: true)
C:\Users\Miker\Documents\GitHub\squatzonedeuce\handcash-fullstack-template\components\game\systems\SpawnSystem.ts:190 [SPAWN] Level 19: 272 enemies every 1.60s (Elite: false)
C:\Users\Miker\Documents\GitHub\squatzonedeuce\handcash-fullstack-template\components\game\systems\SpawnSystem.ts:190 [SPAWN] Level 19: 273 enemies every 1.60s (Elite: false)
C:\Users\Miker\Documents\GitHub\squatzonedeuce\handcash-fullstack-template\components\game\systems\SpawnSystem.ts:190 [SPAWN] Level 19: 275 enemies every 1.60s (Elite: false)
C:\Users\Miker\Documents\GitHub\squatzonedeuce\handcash-fullstack-template\components\game\systems\SpawnSystem.ts:190 [SPAWN] Level 19: 276 enemies every 1.60s (Elite: false)
C:\Users\Miker\Documents\GitHub\squatzonedeuce\handcash-fullstack-template\components\game\systems\SpawnSystem.ts:190 [SPAWN] Level 19: 278 enemies every 1.60s (Elite: true)
C:\Users\Miker\Documents\GitHub\squatzonedeuce\handcash-fullstack-template\components\game\systems\SpawnSystem.ts:190 [SPAWN] Level 19: 279 enemies every 1.60s (Elite: false)
C:\Users\Miker\Documents\GitHub\squatzonedeuce\handcash-fullstack-template\components\game\systems\SpawnSystem.ts:190 [SPAWN] Level 19: 281 enemies every 1.60s (Elite: false)
C:\Users\Miker\Documents\GitHub\squatzonedeuce\handcash-fullstack-template\components\game\systems\SpawnSystem.ts:190 [SPAWN] Level 19: 282 enemies every 1.60s (Elite: false)
C:\Users\Miker\Documents\GitHub\squatzonedeuce\handcash-fullstack-template\components\game\systems\AirdropSystem.ts:117 [AirdropSystem] Airdrop collected!
C:\Users\Miker\Documents\GitHub\squatzonedeuce\handcash-fullstack-template\components\game\systems\SpawnSystem.ts:190 [SPAWN] Level 19: 284 enemies every 1.60s (Elite: false)
C:\Users\Miker\Documents\GitHub\squatzonedeuce\handcash-fullstack-template\components\game\systems\SpawnSystem.ts:190 [SPAWN] Level 19: 285 enemies every 1.60s (Elite: true)
C:\Users\Miker\Documents\GitHub\squatzonedeuce\handcash-fullstack-template\components\game\systems\SpawnSystem.ts:190 [SPAWN] Level 19: 287 enemies every 1.60s (Elite: false)
C:\Users\Miker\Documents\GitHub\squatzonedeuce\handcash-fullstack-template\components\game\systems\SpawnSystem.ts:190 [SPAWN] Level 19: 288 enemies every 1.60s (Elite: false)
C:\Users\Miker\Documents\GitHub\squatzonedeuce\handcash-fullstack-template\components\game\systems\SpawnSystem.ts:190 [SPAWN] Level 20: 290 enemies every 1.60s (Elite: false)
C:\Users\Miker\Documents\GitHub\squatzonedeuce\handcash-fullstack-template\components\game\systems\SpawnSystem.ts:190 [SPAWN] Level 20: 291 enemies every 1.60s (Elite: false)
C:\Users\Miker\Documents\GitHub\squatzonedeuce\handcash-fullstack-template\components\game\systems\SpawnSystem.ts:190 [SPAWN] Level 20: 293 enemies every 1.60s (Elite: true)
C:\Users\Miker\Documents\GitHub\squatzonedeuce\handcash-fullstack-template\components\game\systems\SpawnSystem.ts:190 [SPAWN] Level 20: 295 enemies every 1.60s (Elite: false)
C:\Users\Miker\Documents\GitHub\squatzonedeuce\handcash-fullstack-template\components\game\systems\SpawnSystem.ts:190 [SPAWN] Level 20: 296 enemies every 1.60s (Elite: false)
C:\Users\Miker\Documents\GitHub\squatzonedeuce\handcash-fullstack-template\components\game\systems\SpawnSystem.ts:190 [SPAWN] Level 20: 298 enemies every 1.60s (Elite: false)
C:\Users\Miker\Documents\GitHub\squatzonedeuce\handcash-fullstack-template\components\game\systems\SpawnSystem.ts:190 [SPAWN] Level 20: 299 enemies every 1.60s (Elite: false)
C:\Users\Miker\Documents\GitHub\squatzonedeuce\handcash-fullstack-template\components\game\systems\SpawnSystem.ts:190 [SPAWN] Level 20: 301 enemies every 1.60s (Elite: true)
C:\Users\Miker\Documents\GitHub\squatzonedeuce\handcash-fullstack-template\components\game\systems\SpawnSystem.ts:190 [SPAWN] Level 20: 303 enemies every 1.60s (Elite: false)
C:\Users\Miker\Documents\GitHub\squatzonedeuce\handcash-fullstack-template\components\game\systems\SpawnSystem.ts:190 [SPAWN] Level 20: 304 enemies every 1.60s (Elite: false)
C:\Users\Miker\Documents\GitHub\squatzonedeuce\handcash-fullstack-template\components\game\systems\SpawnSystem.ts:190 [SPAWN] Level 20: 306 enemies every 1.60s (Elite: false)
C:\Users\Miker\Documents\GitHub\squatzonedeuce\handcash-fullstack-template\components\game\systems\SpawnSystem.ts:190 [SPAWN] Level 20: 308 enemies every 1.60s (Elite: false)
C:\Users\Miker\Documents\GitHub\squatzonedeuce\handcash-fullstack-template\components\game\systems\SpawnSystem.ts:190 [SPAWN] Level 20: 309 enemies every 1.60s (Elite: true)
C:\Users\Miker\Documents\GitHub\squatzonedeuce\handcash-fullstack-template\components\game\systems\SpawnSystem.ts:190 [SPAWN] Level 20: 311 enemies every 1.60s (Elite: false)
C:\Users\Miker\Documents\GitHub\squatzonedeuce\handcash-fullstack-template\components\game\systems\SpawnSystem.ts:190 [SPAWN] Level 20: 313 enemies every 1.60s (Elite: false)
C:\Users\Miker\Documents\GitHub\squatzonedeuce\handcash-fullstack-template\components\game\systems\SpawnSystem.ts:190 [SPAWN] Level 20: 314 enemies every 1.60s (Elite: false)
C:\Users\Miker\Documents\GitHub\squatzonedeuce\handcash-fullstack-template\components\game\systems\SpawnSystem.ts:190 [SPAWN] Level 20: 316 enemies every 1.60s (Elite: false)
C:\Users\Miker\Documents\GitHub\squatzonedeuce\handcash-fullstack-template\components\game\systems\SpawnSystem.ts:190 [SPAWN] Level 20: 318 enemies every 1.60s (Elite: true)
C:\Users\Miker\Documents\GitHub\squatzonedeuce\handcash-fullstack-template\components\game\systems\SpawnSystem.ts:190 [SPAWN] Level 20: 320 enemies every 1.60s (Elite: false)
C:\Users\Miker\Documents\GitHub\squatzonedeuce\handcash-fullstack-template\components\game\systems\SpawnSystem.ts:190 [SPAWN] Level 20: 321 enemies every 1.60s (Elite: false)
C:\Users\Miker\Documents\GitHub\squatzonedeuce\handcash-fullstack-template\components\game\systems\SpawnSystem.ts:190 [SPAWN] Level 20: 323 enemies every 1.60s (Elite: false)
C:\Users\Miker\Documents\GitHub\squatzonedeuce\handcash-fullstack-template\components\game\systems\SpawnSystem.ts:190 [SPAWN] Level 20: 325 enemies every 1.60s (Elite: false)
C:\Users\Miker\Documents\GitHub\squatzonedeuce\handcash-fullstack-template\components\game\systems\SpawnSystem.ts:190 [SPAWN] Level 20: 327 enemies every 1.60s (Elite: true)
C:\Users\Miker\Documents\GitHub\squatzonedeuce\handcash-fullstack-template\components\game\systems\SpawnSystem.ts:190 [SPAWN] Level 20: 328 enemies every 1.60s (Elite: false)
C:\Users\Miker\Documents\GitHub\squatzonedeuce\handcash-fullstack-template\components\game\systems\AirdropSystem.ts:112 [AirdropSystem] Spawned airdrop at (68.7, -164.9)
C:\Users\Miker\Documents\GitHub\squatzonedeuce\handcash-fullstack-template\components\game\systems\SpawnSystem.ts:190 [SPAWN] Level 20: 330 enemies every 1.60s (Elite: false)
C:\Users\Miker\Documents\GitHub\squatzonedeuce\handcash-fullstack-template\components\game\systems\SpawnSystem.ts:190 [SPAWN] Level 20: 332 enemies every 1.60s (Elite: false)
C:\Users\Miker\Documents\GitHub\squatzonedeuce\handcash-fullstack-template\components\game\systems\SpawnSystem.ts:190 [SPAWN] Level 20: 334 enemies every 1.60s (Elite: false)
C:\Users\Miker\Documents\GitHub\squatzonedeuce\handcash-fullstack-template\components\game\systems\SpawnSystem.ts:190 [SPAWN] Level 20: 336 enemies every 1.60s (Elite: true)
C:\Users\Miker\Documents\GitHub\squatzonedeuce\handcash-fullstack-template\components\game\systems\SpawnSystem.ts:190 [SPAWN] Level 20: 338 enemies every 1.60s (Elite: false)
C:\Users\Miker\Documents\GitHub\squatzonedeuce\handcash-fullstack-template\components\game\systems\AirdropSystem.ts:117 [AirdropSystem] Airdrop collected!
C:\Users\Miker\Documents\GitHub\squatzonedeuce\handcash-fullstack-template\components\game\systems\SpawnSystem.ts:190 [SPAWN] Level 20: 339 enemies every 1.60s (Elite: false)
C:\Users\Miker\Documents\GitHub\squatzonedeuce\handcash-fullstack-template\components\game\systems\SpawnSystem.ts:190 [SPAWN] Level 20: 341 enemies every 1.60s (Elite: false)
C:\Users\Miker\Documents\GitHub\squatzonedeuce\handcash-fullstack-template\components\game\systems\SpawnSystem.ts:190 [SPAWN] Level 20: 343 enemies every 1.60s (Elite: false)
C:\Users\Miker\Documents\GitHub\squatzonedeuce\handcash-fullstack-template\components\game\systems\SpawnSystem.ts:190 [SPAWN] Level 20: 345 enemies every 1.60s (Elite: true)
C:\Users\Miker\Documents\GitHub\squatzonedeuce\handcash-fullstack-template\components\game\systems\SpawnSystem.ts:190 [SPAWN] Level 20: 347 enemies every 1.60s (Elite: false)
C:\Users\Miker\Documents\GitHub\squatzonedeuce\handcash-fullstack-template\components\game\systems\SpawnSystem.ts:190 [SPAWN] Level 20: 349 enemies every 1.60s (Elite: false)
C:\Users\Miker\Documents\GitHub\squatzonedeuce\handcash-fullstack-template\components\game\systems\SpawnSystem.ts:190 [SPAWN] Level 20: 351 enemies every 1.60s (Elite: false)
C:\Users\Miker\Documents\GitHub\squatzonedeuce\handcash-fullstack-template\components\game\systems\SpawnSystem.ts:190 [SPAWN] Level 20: 353 enemies every 1.60s (Elite: false)
C:\Users\Miker\Documents\GitHub\squatzonedeuce\handcash-fullstack-template\components\game\systems\SpawnSystem.ts:190 [SPAWN] Level 20: 355 enemies every 1.60s (Elite: true)
C:\Users\Miker\Documents\GitHub\squatzonedeuce\handcash-fullstack-template\components\game\systems\SpawnSystem.ts:190 [SPAWN] Level 21: 362 enemies every 1.60s (Elite: false)
C:\Users\Miker\Documents\GitHub\squatzonedeuce\handcash-fullstack-template\components\game\systems\SpawnSystem.ts:190 [SPAWN] Level 21: 364 enemies every 1.60s (Elite: false)
C:\Users\Miker\Documents\GitHub\squatzonedeuce\handcash-fullstack-template\components\game\systems\SpawnSystem.ts:190 [SPAWN] Level 21: 366 enemies every 1.60s (Elite: false)
C:\Users\Miker\Documents\GitHub\squatzonedeuce\handcash-fullstack-template\components\game\SlavicSurvivors.tsx:480 [LevelUp] Regenerating choices with loaded templates
C:\Users\Miker\Documents\GitHub\squatzonedeuce\handcash-fullstack-template\components\game\SlavicSurvivors.tsx:489 [LevelUp] Updating choices with imageUrls
C:\Users\Miker\Documents\GitHub\squatzonedeuce\handcash-fullstack-template\components\game\SlavicSurvivors.tsx:480 [LevelUp] Regenerating choices with loaded templates
C:\Users\Miker\Documents\GitHub\squatzonedeuce\handcash-fullstack-template\components\game\systems\SpawnSystem.ts:190 [SPAWN] Level 21: 368 enemies every 1.60s (Elite: false)
C:\Users\Miker\Documents\GitHub\squatzonedeuce\handcash-fullstack-template\components\game\systems\SpawnSystem.ts:190 [SPAWN] Level 21: 370 enemies every 1.60s (Elite: true)
C:\Users\Miker\Documents\GitHub\squatzonedeuce\handcash-fullstack-template\components\game\systems\SpawnSystem.ts:190 [SPAWN] Level 21: 372 enemies every 1.60s (Elite: false)
C:\Users\Miker\Documents\GitHub\squatzonedeuce\handcash-fullstack-template\components\game\systems\SpawnSystem.ts:190 [SPAWN] Level 21: 374 enemies every 1.60s (Elite: false)
C:\Users\Miker\Documents\GitHub\squatzonedeuce\handcash-fullstack-template\components\game\systems\SpawnSystem.ts:190 [SPAWN] Level 21: 376 enemies every 1.60s (Elite: false)
C:\Users\Miker\Documents\GitHub\squatzonedeuce\handcash-fullstack-template\components\game\systems\SpawnSystem.ts:190 [SPAWN] Level 21: 378 enemies every 1.60s (Elite: false)
C:\Users\Miker\Documents\GitHub\squatzonedeuce\handcash-fullstack-template\components\game\systems\SpawnSystem.ts:190 [SPAWN] Level 21: 380 enemies every 1.60s (Elite: true)
C:\Users\Miker\Documents\GitHub\squatzonedeuce\handcash-fullstack-template\components\game\systems\SpawnSystem.ts:190 [SPAWN] Level 21: 382 enemies every 1.60s (Elite: false)
C:\Users\Miker\Documents\GitHub\squatzonedeuce\handcash-fullstack-template\components\game\systems\SpawnSystem.ts:190 [SPAWN] Level 21: 384 enemies every 1.60s (Elite: false)
C:\Users\Miker\Documents\GitHub\squatzonedeuce\handcash-fullstack-template\components\game\systems\SpawnSystem.ts:190 [SPAWN] Level 21: 386 enemies every 1.60s (Elite: false)
C:\Users\Miker\Documents\GitHub\squatzonedeuce\handcash-fullstack-template\components\game\systems\SpawnSystem.ts:190 [SPAWN] Level 21: 388 enemies every 1.60s (Elite: false)
C:\Users\Miker\Documents\GitHub\squatzonedeuce\handcash-fullstack-template\components\game\systems\SpawnSystem.ts:190 [SPAWN] Level 21: 390 enemies every 1.60s (Elite: true)
C:\Users\Miker\Documents\GitHub\squatzonedeuce\handcash-fullstack-template\components\game\systems\SpawnSystem.ts:190 [SPAWN] Level 21: 393 enemies every 1.60s (Elite: false)
C:\Users\Miker\Documents\GitHub\squatzonedeuce\handcash-fullstack-template\components\game\systems\SpawnSystem.ts:190 [SPAWN] Level 21: 395 enemies every 1.60s (Elite: false)
C:\Users\Miker\Documents\GitHub\squatzonedeuce\handcash-fullstack-template\components\game\systems\SpawnSystem.ts:190 [SPAWN] Level 21: 397 enemies every 1.60s (Elite: false)
C:\Users\Miker\Documents\GitHub\squatzonedeuce\handcash-fullstack-template\components\game\systems\SpawnSystem.ts:190 [SPAWN] Level 21: 399 enemies every 1.60s (Elite: false)
C:\Users\Miker\Documents\GitHub\squatzonedeuce\handcash-fullstack-template\components\game\systems\SpawnSystem.ts:190 [SPAWN] Level 21: 401 enemies every 1.60s (Elite: true)
C:\Users\Miker\Documents\GitHub\squatzonedeuce\handcash-fullstack-template\components\game\systems\SpawnSystem.ts:190 [SPAWN] Level 21: 403 enemies every 1.60s (Elite: false)
C:\Users\Miker\Documents\GitHub\squatzonedeuce\handcash-fullstack-template\components\game\systems\SpawnSystem.ts:190 [SPAWN] Level 21: 406 enemies every 1.60s (Elite: false)
C:\Users\Miker\Documents\GitHub\squatzonedeuce\handcash-fullstack-template\components\game\systems\SpawnSystem.ts:190 [SPAWN] Level 21: 408 enemies every 1.60s (Elite: false)
C:\Users\Miker\Documents\GitHub\squatzonedeuce\handcash-fullstack-template\components\game\SlavicSurvivors.tsx:480 [LevelUp] Regenerating choices with loaded templates
C:\Users\Miker\Documents\GitHub\squatzonedeuce\handcash-fullstack-template\components\game\SlavicSurvivors.tsx:489 [LevelUp] Updating choices with imageUrls
C:\Users\Miker\Documents\GitHub\squatzonedeuce\handcash-fullstack-template\components\game\SlavicSurvivors.tsx:480 [LevelUp] Regenerating choices with loaded templates
C:\Users\Miker\Documents\GitHub\squatzonedeuce\handcash-fullstack-template\components\game\systems\AirdropSystem.ts:112 [AirdropSystem] Spawned airdrop at (52.3, -167.1)
C:\Users\Miker\Documents\GitHub\squatzonedeuce\handcash-fullstack-template\components\game\systems\SpawnSystem.ts:190 [SPAWN] Level 21: 410 enemies every 1.60s (Elite: false)
C:\Users\Miker\Documents\GitHub\squatzonedeuce\handcash-fullstack-template\components\game\systems\SpawnSystem.ts:190 [SPAWN] Level 21: 412 enemies every 1.60s (Elite: true)
C:\Users\Miker\Documents\GitHub\squatzonedeuce\handcash-fullstack-template\components\game\systems\SpawnSystem.ts:190 [SPAWN] Level 21: 415 enemies every 1.60s (Elite: false)
C:\Users\Miker\Documents\GitHub\squatzonedeuce\handcash-fullstack-template\components\game\systems\SpawnSystem.ts:190 [SPAWN] Level 21: 417 enemies every 1.60s (Elite: false)
C:\Users\Miker\Documents\GitHub\squatzonedeuce\handcash-fullstack-template\components\game\systems\SpawnSystem.ts:190 [SPAWN] Level 21: 419 enemies every 1.60s (Elite: false)
C:\Users\Miker\Documents\GitHub\squatzonedeuce\handcash-fullstack-template\components\game\systems\SpawnSystem.ts:190 [SPAWN] Level 21: 422 enemies every 1.60s (Elite: false)
C:\Users\Miker\Documents\GitHub\squatzonedeuce\handcash-fullstack-template\components\game\systems\SpawnSystem.ts:190 [SPAWN] Level 21: 424 enemies every 1.60s (Elite: true)
C:\Users\Miker\Documents\GitHub\squatzonedeuce\handcash-fullstack-template\components\game\systems\SpawnSystem.ts:190 [SPAWN] Level 21: 426 enemies every 1.60s (Elite: false)
C:\Users\Miker\Documents\GitHub\squatzonedeuce\handcash-fullstack-template\components\game\systems\SpawnSystem.ts:190 [SPAWN] Level 21: 429 enemies every 1.60s (Elite: false)
C:\Users\Miker\Documents\GitHub\squatzonedeuce\handcash-fullstack-template\components\game\systems\SpawnSystem.ts:190 [SPAWN] Level 21: 431 enemies every 1.60s (Elite: false)
C:\Users\Miker\Documents\GitHub\squatzonedeuce\handcash-fullstack-template\components\game\systems\AirdropSystem.ts:117 [AirdropSystem] Airdrop collected!
C:\Users\Miker\Documents\GitHub\squatzonedeuce\handcash-fullstack-template\components\game\systems\SpawnSystem.ts:190 [SPAWN] Level 21: 433 enemies every 1.60s (Elite: false)
C:\Users\Miker\Documents\GitHub\squatzonedeuce\handcash-fullstack-template\components\game\systems\SpawnSystem.ts:190 [SPAWN] Level 21: 436 enemies every 1.60s (Elite: true)
C:\Users\Miker\Documents\GitHub\squatzonedeuce\handcash-fullstack-template\components\game\systems\SpawnSystem.ts:190 [SPAWN] Level 21: 438 enemies every 1.60s (Elite: false)
C:\Users\Miker\Documents\GitHub\squatzonedeuce\handcash-fullstack-template\components\game\systems\SpawnSystem.ts:190 [SPAWN] Level 21: 441 enemies every 1.60s (Elite: false)
C:\Users\Miker\Documents\GitHub\squatzonedeuce\handcash-fullstack-template\components\game\systems\SpawnSystem.ts:190 [SPAWN] Level 22: 443 enemies every 1.60s (Elite: false)
C:\Users\Miker\Documents\GitHub\squatzonedeuce\handcash-fullstack-template\components\game\systems\SpawnSystem.ts:190 [SPAWN] Level 22: 446 enemies every 1.60s (Elite: false)
C:\Users\Miker\Documents\GitHub\squatzonedeuce\handcash-fullstack-template\components\game\systems\SpawnSystem.ts:190 [SPAWN] Level 22: 448 enemies every 1.60s (Elite: true)
C:\Users\Miker\Documents\GitHub\squatzonedeuce\handcash-fullstack-template\components\game\systems\SpawnSystem.ts:190 [SPAWN] Level 22: 451 enemies every 1.60s (Elite: false)
C:\Users\Miker\Documents\GitHub\squatzonedeuce\handcash-fullstack-template\components\game\systems\SpawnSystem.ts:190 [SPAWN] Level 22: 453 enemies every 1.60s (Elite: false)
C:\Users\Miker\Documents\GitHub\squatzonedeuce\handcash-fullstack-template\components\game\systems\SpawnSystem.ts:190 [SPAWN] Level 22: 456 enemies every 1.60s (Elite: false)
C:\Users\Miker\Documents\GitHub\squatzonedeuce\handcash-fullstack-template\components\game\systems\SpawnSystem.ts:190 [SPAWN] Level 22: 458 enemies every 1.60s (Elite: false)
C:\Users\Miker\Documents\GitHub\squatzonedeuce\handcash-fullstack-template\components\game\systems\SpawnSystem.ts:190 [SPAWN] Level 22: 461 enemies every 1.60s (Elite: true)
C:\Users\Miker\Documents\GitHub\squatzonedeuce\handcash-fullstack-template\components\game\systems\SpawnSystem.ts:190 [SPAWN] Level 22: 463 enemies every 1.60s (Elite: false)
C:\Users\Miker\Documents\GitHub\squatzonedeuce\handcash-fullstack-template\components\game\systems\SpawnSystem.ts:190 [SPAWN] Level 22: 466 enemies every 1.60s (Elite: false)
C:\Users\Miker\Documents\GitHub\squatzonedeuce\handcash-fullstack-template\components\game\systems\SpawnSystem.ts:190 [SPAWN] Level 22: 468 enemies every 1.60s (Elite: false)
C:\Users\Miker\Documents\GitHub\squatzonedeuce\handcash-fullstack-template\components\game\systems\SpawnSystem.ts:190 [SPAWN] Level 22: 471 enemies every 1.60s (Elite: false)
C:\Users\Miker\Documents\GitHub\squatzonedeuce\handcash-fullstack-template\components\game\systems\SpawnSystem.ts:190 [SPAWN] Level 22: 474 enemies every 1.60s (Elite: true)
C:\Users\Miker\Documents\GitHub\squatzonedeuce\handcash-fullstack-template\components\game\systems\SpawnSystem.ts:190 [SPAWN] Level 22: 476 enemies every 1.60s (Elite: false)
C:\Users\Miker\Documents\GitHub\squatzonedeuce\handcash-fullstack-template\components\game\systems\SpawnSystem.ts:190 [SPAWN] Level 22: 479 enemies every 1.60s (Elite: false)
C:\Users\Miker\Documents\GitHub\squatzonedeuce\handcash-fullstack-template\components\game\systems\SpawnSystem.ts:190 [SPAWN] Level 22: 482 enemies every 1.60s (Elite: false)
C:\Users\Miker\Documents\GitHub\squatzonedeuce\handcash-fullstack-template\components\game\systems\SpawnSystem.ts:190 [SPAWN] Level 22: 484 enemies every 1.60s (Elite: false)
C:\Users\Miker\Documents\GitHub\squatzonedeuce\handcash-fullstack-template\components\game\systems\SpawnSystem.ts:190 [SPAWN] Level 22: 487 enemies every 1.60s (Elite: true)
C:\Users\Miker\Documents\GitHub\squatzonedeuce\handcash-fullstack-template\components\game\systems\SpawnSystem.ts:190 [SPAWN] Level 22: 490 enemies every 1.60s (Elite: false)
C:\Users\Miker\Documents\GitHub\squatzonedeuce\handcash-fullstack-template\components\game\systems\SpawnSystem.ts:190 [SPAWN] Level 22: 493 enemies every 1.60s (Elite: false)
C:\Users\Miker\Documents\GitHub\squatzonedeuce\handcash-fullstack-template\components\game\systems\SpawnSystem.ts:190 [SPAWN] Level 22: 495 enemies every 1.60s (Elite: false)
C:\Users\Miker\Documents\GitHub\squatzonedeuce\handcash-fullstack-template\components\game\systems\SpawnSystem.ts:190 [SPAWN] Level 22: 498 enemies every 1.60s (Elite: false)
C:\Users\Miker\Documents\GitHub\squatzonedeuce\handcash-fullstack-template\components\game\systems\SpawnSystem.ts:190 [SPAWN] Level 22: 501 enemies every 1.60s (Elite: true)
C:\Users\Miker\Documents\GitHub\squatzonedeuce\handcash-fullstack-template\components\game\systems\SpawnSystem.ts:190 [SPAWN] Level 22: 504 enemies every 1.60s (Elite: false)
C:\Users\Miker\Documents\GitHub\squatzonedeuce\handcash-fullstack-template\components\game\systems\AirdropSystem.ts:112 [AirdropSystem] Spawned airdrop at (-6.3, -158.7)
C:\Users\Miker\Documents\GitHub\squatzonedeuce\handcash-fullstack-template\components\game\systems\SpawnSystem.ts:190 [SPAWN] Level 22: 507 enemies every 1.60s (Elite: false)
C:\Users\Miker\Documents\GitHub\squatzonedeuce\handcash-fullstack-template\components\game\systems\SpawnSystem.ts:190 [SPAWN] Level 22: 509 enemies every 1.60s (Elite: false)
C:\Users\Miker\Documents\GitHub\squatzonedeuce\handcash-fullstack-template\components\game\systems\SpawnSystem.ts:190 [SPAWN] Level 22: 512 enemies every 1.60s (Elite: false)
C:\Users\Miker\Documents\GitHub\squatzonedeuce\handcash-fullstack-template\components\game\systems\SpawnSystem.ts:190 [SPAWN] Level 22: 515 enemies every 1.60s (Elite: true)
C:\Users\Miker\Documents\GitHub\squatzonedeuce\handcash-fullstack-template\components\game\systems\SpawnSystem.ts:190 [SPAWN] Level 22: 518 enemies every 1.60s (Elite: false)
C:\Users\Miker\Documents\GitHub\squatzonedeuce\handcash-fullstack-template\components\game\systems\SpawnSystem.ts:190 [SPAWN] Level 22: 521 enemies every 1.60s (Elite: false)
C:\Users\Miker\Documents\GitHub\squatzonedeuce\handcash-fullstack-template\components\game\systems\SpawnSystem.ts:190 [SPAWN] Level 22: 524 enemies every 1.60s (Elite: false)
C:\Users\Miker\Documents\GitHub\squatzonedeuce\handcash-fullstack-template\components\game\systems\SpawnSystem.ts:190 [SPAWN] Level 22: 527 enemies every 1.60s (Elite: false)
C:\Users\Miker\Documents\GitHub\squatzonedeuce\handcash-fullstack-template\components\game\systems\SpawnSystem.ts:190 [SPAWN] Level 22: 530 enemies every 1.60s (Elite: true)
C:\Users\Miker\Documents\GitHub\squatzonedeuce\handcash-fullstack-template\components\game\systems\SpawnSystem.ts:190 [SPAWN] Level 22: 533 enemies every 1.60s (Elite: false)
C:\Users\Miker\Documents\GitHub\squatzonedeuce\handcash-fullstack-template\components\game\systems\SpawnSystem.ts:190 [SPAWN] Level 22: 536 enemies every 1.60s (Elite: false)
C:\Users\Miker\Documents\GitHub\squatzonedeuce\handcash-fullstack-template\components\game\systems\SpawnSystem.ts:190 [SPAWN] Level 22: 539 enemies every 1.60s (Elite: false)
C:\Users\Miker\Documents\GitHub\squatzonedeuce\handcash-fullstack-template\components\game\systems\SpawnSystem.ts:190 [SPAWN] Level 22: 542 enemies every 1.60s (Elite: false)
C:\Users\Miker\Documents\GitHub\squatzonedeuce\handcash-fullstack-template\components\game\systems\SpawnSystem.ts:190 [SPAWN] Level 23: 545 enemies every 1.60s (Elite: true)
C:\Users\Miker\Documents\GitHub\squatzonedeuce\handcash-fullstack-template\components\game\systems\SpawnSystem.ts:190 [SPAWN] Level 23: 548 enemies every 1.60s (Elite: false)
C:\Users\Miker\Documents\GitHub\squatzonedeuce\handcash-fullstack-template\components\game\systems\SpawnSystem.ts:190 [SPAWN] Level 23: 551 enemies every 1.60s (Elite: false)
C:\Users\Miker\Documents\GitHub\squatzonedeuce\handcash-fullstack-template\components\game\systems\SpawnSystem.ts:190 [SPAWN] Level 23: 554 enemies every 1.60s (Elite: false)
C:\Users\Miker\Documents\GitHub\squatzonedeuce\handcash-fullstack-template\components\game\systems\SpawnSystem.ts:190 [SPAWN] Level 23: 557 enemies every 1.60s (Elite: false)
C:\Users\Miker\Documents\GitHub\squatzonedeuce\handcash-fullstack-template\components\game\systems\SpawnSystem.ts:190 [SPAWN] Level 23: 561 enemies every 1.60s (Elite: true)
C:\Users\Miker\Documents\GitHub\squatzonedeuce\handcash-fullstack-template\components\game\systems\SpawnSystem.ts:190 [SPAWN] Level 23: 564 enemies every 1.60s (Elite: false)
C:\Users\Miker\Documents\GitHub\squatzonedeuce\handcash-fullstack-template\components\game\systems\SpawnSystem.ts:190 [SPAWN] Level 23: 567 enemies every 1.60s (Elite: false)
C:\Users\Miker\Documents\GitHub\squatzonedeuce\handcash-fullstack-template\components\game\systems\SpawnSystem.ts:190 [SPAWN] Level 23: 570 enemies every 1.60s (Elite: false)
C:\Users\Miker\Documents\GitHub\squatzonedeuce\handcash-fullstack-template\components\game\systems\SpawnSystem.ts:190 [SPAWN] Level 23: 573 enemies every 1.60s (Elite: false)
C:\Users\Miker\Documents\GitHub\squatzonedeuce\handcash-fullstack-template\components\game\systems\SpawnSystem.ts:190 [SPAWN] Level 23: 577 enemies every 1.60s (Elite: true)
C:\Users\Miker\Documents\GitHub\squatzonedeuce\handcash-fullstack-template\components\game\systems\SpawnSystem.ts:190 [SPAWN] Level 23: 580 enemies every 1.60s (Elite: false)
C:\Users\Miker\Documents\GitHub\squatzonedeuce\handcash-fullstack-template\components\game\systems\SpawnSystem.ts:190 [SPAWN] Level 23: 583 enemies every 1.60s (Elite: false)
C:\Users\Miker\Documents\GitHub\squatzonedeuce\handcash-fullstack-template\components\game\systems\SpawnSystem.ts:190 [SPAWN] Level 23: 586 enemies every 1.60s (Elite: false)
C:\Users\Miker\Documents\GitHub\squatzonedeuce\handcash-fullstack-template\components\game\systems\SpawnSystem.ts:190 [SPAWN] Level 23: 590 enemies every 1.60s (Elite: false)
C:\Users\Miker\Documents\GitHub\squatzonedeuce\handcash-fullstack-template\components\game\systems\SpawnSystem.ts:190 [SPAWN] Level 23: 593 enemies every 1.60s (Elite: true)
C:\Users\Miker\Documents\GitHub\squatzonedeuce\handcash-fullstack-template\components\game\systems\SpawnSystem.ts:190 [SPAWN] Level 23: 597 enemies every 1.60s (Elite: false)
C:\Users\Miker\Documents\GitHub\squatzonedeuce\handcash-fullstack-template\components\game\SlavicSurvivors.tsx:480 [LevelUp] Regenerating choices with loaded templates
C:\Users\Miker\Documents\GitHub\squatzonedeuce\handcash-fullstack-template\components\game\SlavicSurvivors.tsx:489 [LevelUp] Updating choices with imageUrls
C:\Users\Miker\Documents\GitHub\squatzonedeuce\handcash-fullstack-template\components\game\SlavicSurvivors.tsx:480 [LevelUp] Regenerating choices with loaded templates
C:\Users\Miker\Documents\GitHub\squatzonedeuce\handcash-fullstack-template\components\game\systems\SpawnSystem.ts:190 [SPAWN] Level 23: 600 enemies every 1.60s (Elite: false)
C:\Users\Miker\Documents\GitHub\squatzonedeuce\handcash-fullstack-template\components\game\systems\SpawnSystem.ts:190 [SPAWN] Level 23: 603 enemies every 1.60s (Elite: false)
C:\Users\Miker\Documents\GitHub\squatzonedeuce\handcash-fullstack-template\components\game\systems\SpawnSystem.ts:190 [SPAWN] Level 23: 607 enemies every 1.60s (Elite: false)
C:\Users\Miker\Documents\GitHub\squatzonedeuce\handcash-fullstack-template\components\game\systems\SpawnSystem.ts:190 [SPAWN] Level 23: 610 enemies every 1.60s (Elite: true)
C:\Users\Miker\Documents\GitHub\squatzonedeuce\handcash-fullstack-template\components\game\systems\SpawnSystem.ts:190 [SPAWN] Level 23: 614 enemies every 1.60s (Elite: false)
C:\Users\Miker\Documents\GitHub\squatzonedeuce\handcash-fullstack-template\components\game\systems\SpawnSystem.ts:190 [SPAWN] Level 23: 617 enemies every 1.60s (Elite: false)
C:\Users\Miker\Documents\GitHub\squatzonedeuce\handcash-fullstack-template\components\game\systems\SpawnSystem.ts:190 [SPAWN] Level 23: 621 enemies every 1.60s (Elite: false)
C:\Users\Miker\Documents\GitHub\squatzonedeuce\handcash-fullstack-template\components\game\systems\AirdropSystem.ts:112 [AirdropSystem] Spawned airdrop at (31.9, -173.8)
C:\Users\Miker\Documents\GitHub\squatzonedeuce\handcash-fullstack-template\components\game\systems\SpawnSystem.ts:190 [SPAWN] Level 23: 624 enemies every 1.60s (Elite: false)
C:\Users\Miker\Documents\GitHub\squatzonedeuce\handcash-fullstack-template\components\game\systems\SpawnSystem.ts:190 [SPAWN] Level 23: 628 enemies every 1.60s (Elite: true)
C:\Users\Miker\Documents\GitHub\squatzonedeuce\handcash-fullstack-template\components\game\systems\SpawnSystem.ts:190 [SPAWN] Level 23: 631 enemies every 1.60s (Elite: false)
C:\Users\Miker\Documents\GitHub\squatzonedeuce\handcash-fullstack-template\components\game\systems\SpawnSystem.ts:190 [SPAWN] Level 23: 635 enemies every 1.60s (Elite: false)
C:\Users\Miker\Documents\GitHub\squatzonedeuce\handcash-fullstack-template\components\game\systems\SpawnSystem.ts:190 [SPAWN] Level 23: 639 enemies every 1.60s (Elite: false)
C:\Users\Miker\Documents\GitHub\squatzonedeuce\handcash-fullstack-template\components\game\systems\SpawnSystem.ts:190 [SPAWN] Level 23: 642 enemies every 1.60s (Elite: false)
C:\Users\Miker\Documents\GitHub\squatzonedeuce\handcash-fullstack-template\components\game\systems\SpawnSystem.ts:190 [SPAWN] Level 23: 646 enemies every 1.60s (Elite: true)
C:\Users\Miker\Documents\GitHub\squatzonedeuce\handcash-fullstack-template\components\game\systems\SpawnSystem.ts:190 [SPAWN] Level 23: 650 enemies every 1.60s (Elite: false)
C:\Users\Miker\Documents\GitHub\squatzonedeuce\handcash-fullstack-template\components\game\systems\SpawnSystem.ts:190 [SPAWN] Level 23: 653 enemies every 1.60s (Elite: false)
C:\Users\Miker\Documents\GitHub\squatzonedeuce\handcash-fullstack-template\components\game\systems\SpawnSystem.ts:190 [SPAWN] Level 23: 657 enemies every 1.60s (Elite: false)
C:\Users\Miker\Documents\GitHub\squatzonedeuce\handcash-fullstack-template\components\game\systems\SpawnSystem.ts:190 [SPAWN] Level 23: 661 enemies every 1.60s (Elite: false)
C:\Users\Miker\Documents\GitHub\squatzonedeuce\handcash-fullstack-template\components\game\systems\SpawnSystem.ts:190 [SPAWN] Level 23: 665 enemies every 1.60s (Elite: true)
C:\Users\Miker\Documents\GitHub\squatzonedeuce\handcash-fullstack-template\components\game\systems\SpawnSystem.ts:190 [SPAWN] Level 23: 668 enemies every 1.60s (Elite: false)
C:\Users\Miker\Documents\GitHub\squatzonedeuce\handcash-fullstack-template\components\game\systems\SpawnSystem.ts:190 [SPAWN] Level 24: 677 enemies every 1.60s (Elite: false)
C:\Users\Miker\Documents\GitHub\squatzonedeuce\handcash-fullstack-template\components\game\systems\SpawnSystem.ts:190 [SPAWN] Level 24: 681 enemies every 1.60s (Elite: false)
C:\Users\Miker\Documents\GitHub\squatzonedeuce\handcash-fullstack-template\components\game\systems\SpawnSystem.ts:190 [SPAWN] Level 24: 685 enemies every 1.60s (Elite: false)
C:\Users\Miker\Documents\GitHub\squatzonedeuce\handcash-fullstack-template\components\game\systems\SpawnSystem.ts:190 [SPAWN] Level 24: 689 enemies every 1.60s (Elite: true)
C:\Users\Miker\Documents\GitHub\squatzonedeuce\handcash-fullstack-template\components\game\systems\SpawnSystem.ts:190 [SPAWN] Level 24: 693 enemies every 1.60s (Elite: false)
C:\Users\Miker\Documents\GitHub\squatzonedeuce\handcash-fullstack-template\components\game\systems\SpawnSystem.ts:190 [SPAWN] Level 24: 697 enemies every 1.60s (Elite: false)
C:\Users\Miker\Documents\GitHub\squatzonedeuce\handcash-fullstack-template\components\game\systems\SpawnSystem.ts:190 [SPAWN] Level 24: 701 enemies every 1.60s (Elite: false)
C:\Users\Miker\Documents\GitHub\squatzonedeuce\handcash-fullstack-template\components\game\systems\SpawnSystem.ts:190 [SPAWN] Level 24: 705 enemies every 1.60s (Elite: false)
C:\Users\Miker\Documents\GitHub\squatzonedeuce\handcash-fullstack-template\components\game\systems\SpawnSystem.ts:190 [SPAWN] Level 24: 709 enemies every 1.60s (Elite: true)
C:\Users\Miker\Documents\GitHub\squatzonedeuce\handcash-fullstack-template\components\game\systems\SpawnSystem.ts:190 [SPAWN] Level 24: 713 enemies every 1.60s (Elite: false)
C:\Users\Miker\Documents\GitHub\squatzonedeuce\handcash-fullstack-template\components\game\systems\SpawnSystem.ts:190 [SPAWN] Level 24: 717 enemies every 1.60s (Elite: false)
C:\Users\Miker\Documents\GitHub\squatzonedeuce\handcash-fullstack-template\components\game\systems\SpawnSystem.ts:190 [SPAWN] Level 24: 721 enemies every 1.60s (Elite: false)
C:\Users\Miker\Documents\GitHub\squatzonedeuce\handcash-fullstack-template\components\game\systems\SpawnSystem.ts:190 [SPAWN] Level 24: 725 enemies every 1.60s (Elite: false)
C:\Users\Miker\Documents\GitHub\squatzonedeuce\handcash-fullstack-template\components\game\systems\SpawnSystem.ts:190 [SPAWN] Level 24: 729 enemies every 1.60s (Elite: true)
C:\Users\Miker\Documents\GitHub\squatzonedeuce\handcash-fullstack-template\components\game\systems\SpawnSystem.ts:190 [SPAWN] Level 24: 733 enemies every 1.60s (Elite: false)
C:\Users\Miker\Documents\GitHub\squatzonedeuce\handcash-fullstack-template\components\game\systems\SpawnSystem.ts:190 [SPAWN] Level 24: 737 enemies every 1.60s (Elite: false)
C:\Users\Miker\Documents\GitHub\squatzonedeuce\handcash-fullstack-template\components\game\systems\SpawnSystem.ts:190 [SPAWN] Level 24: 742 enemies every 1.60s (Elite: false)
C:\Users\Miker\Documents\GitHub\squatzonedeuce\handcash-fullstack-template\components\game\systems\SpawnSystem.ts:190 [SPAWN] Level 24: 746 enemies every 1.60s (Elite: false)
C:\Users\Miker\Documents\GitHub\squatzonedeuce\handcash-fullstack-template\components\game\systems\SpawnSystem.ts:190 [SPAWN] Level 24: 750 enemies every 1.60s (Elite: true)
C:\Users\Miker\Documents\GitHub\squatzonedeuce\handcash-fullstack-template\components\game\systems\SpawnSystem.ts:190 [SPAWN] Level 24: 754 enemies every 1.60s (Elite: false)
C:\Users\Miker\Documents\GitHub\squatzonedeuce\handcash-fullstack-template\components\game\systems\SpawnSystem.ts:190 [SPAWN] Level 24: 759 enemies every 1.60s (Elite: false)
C:\Users\Miker\Documents\GitHub\squatzonedeuce\handcash-fullstack-template\components\game\systems\SpawnSystem.ts:190 [SPAWN] Level 24: 763 enemies every 1.60s (Elite: false)
C:\Users\Miker\Documents\GitHub\squatzonedeuce\handcash-fullstack-template\components\game\systems\SpawnSystem.ts:190 [SPAWN] Level 24: 767 enemies every 1.60s (Elite: false)
C:\Users\Miker\Documents\GitHub\squatzonedeuce\handcash-fullstack-template\components\game\systems\SpawnSystem.ts:190 [SPAWN] Level 24: 772 enemies every 1.60s (Elite: true)
C:\Users\Miker\Documents\GitHub\squatzonedeuce\handcash-fullstack-template\components\game\systems\AirdropSystem.ts:112 [AirdropSystem] Spawned airdrop at (96.4, -243.4)
C:\Users\Miker\Documents\GitHub\squatzonedeuce\handcash-fullstack-template\components\game\systems\SpawnSystem.ts:190 [SPAWN] Level 24: 776 enemies every 1.60s (Elite: false)
C:\Users\Miker\Documents\GitHub\squatzonedeuce\handcash-fullstack-template\components\game\systems\SpawnSystem.ts:190 [SPAWN] Level 24: 781 enemies every 1.60s (Elite: false)
C:\Users\Miker\Documents\GitHub\squatzonedeuce\handcash-fullstack-template\components\game\systems\SpawnSystem.ts:190 [SPAWN] Level 24: 785 enemies every 1.60s (Elite: false)
C:\Users\Miker\Documents\GitHub\squatzonedeuce\handcash-fullstack-template\components\game\systems\SpawnSystem.ts:190 [SPAWN] Level 24: 790 enemies every 1.60s (Elite: false)
C:\Users\Miker\Documents\GitHub\squatzonedeuce\handcash-fullstack-template\components\game\systems\SpawnSystem.ts:190 [SPAWN] Level 24: 794 enemies every 1.60s (Elite: true)
C:\Users\Miker\Documents\GitHub\squatzonedeuce\handcash-fullstack-template\components\game\systems\SpawnSystem.ts:190 [SPAWN] Level 24: 799 enemies every 1.60s (Elite: false)
C:\Users\Miker\Documents\GitHub\squatzonedeuce\handcash-fullstack-template\components\game\systems\SpawnSystem.ts:190 [SPAWN] Level 24: 803 enemies every 1.60s (Elite: false)
C:\Users\Miker\Documents\GitHub\squatzonedeuce\handcash-fullstack-template\components\game\systems\SpawnSystem.ts:190 [SPAWN] Level 24: 808 enemies every 1.60s (Elite: false)
C:\Users\Miker\Documents\GitHub\squatzonedeuce\handcash-fullstack-template\components\game\systems\SpawnSystem.ts:190 [SPAWN] Level 24: 812 enemies every 1.60s (Elite: false)
C:\Users\Miker\Documents\GitHub\squatzonedeuce\handcash-fullstack-template\components\game\systems\SpawnSystem.ts:190 [SPAWN] Level 24: 817 enemies every 1.60s (Elite: true)
C:\Users\Miker\Documents\GitHub\squatzonedeuce\handcash-fullstack-template\components\game\systems\SpawnSystem.ts:190 [SPAWN] Level 24: 822 enemies every 1.60s (Elite: false)
C:\Users\Miker\Documents\GitHub\squatzonedeuce\handcash-fullstack-template\components\game\systems\SpawnSystem.ts:190 [SPAWN] Level 24: 826 enemies every 1.60s (Elite: false)
C:\Users\Miker\Documents\GitHub\squatzonedeuce\handcash-fullstack-template\components\game\systems\SpawnSystem.ts:190 [SPAWN] Level 24: 831 enemies every 1.60s (Elite: false)
C:\Users\Miker\Documents\GitHub\squatzonedeuce\handcash-fullstack-template\components\game\systems\SpawnSystem.ts:190 [SPAWN] Level 25: 836 enemies every 1.60s (Elite: false)
C:\Users\Miker\Documents\GitHub\squatzonedeuce\handcash-fullstack-template\components\game\systems\SpawnSystem.ts:190 [SPAWN] Level 25: 841 enemies every 1.60s (Elite: true)
C:\Users\Miker\Documents\GitHub\squatzonedeuce\handcash-fullstack-template\components\game\systems\SpawnSystem.ts:190 [SPAWN] Level 25: 846 enemies every 1.60s (Elite: false)
C:\Users\Miker\Documents\GitHub\squatzonedeuce\handcash-fullstack-template\components\game\systems\SpawnSystem.ts:190 [SPAWN] Level 25: 851 enemies every 1.60s (Elite: false)
C:\Users\Miker\Documents\GitHub\squatzonedeuce\handcash-fullstack-template\components\game\systems\SpawnSystem.ts:190 [SPAWN] Level 25: 855 enemies every 1.60s (Elite: false)
C:\Users\Miker\Documents\GitHub\squatzonedeuce\handcash-fullstack-template\components\game\systems\SpawnSystem.ts:190 [SPAWN] Level 25: 860 enemies every 1.60s (Elite: false)
C:\Users\Miker\Documents\GitHub\squatzonedeuce\handcash-fullstack-template\components\game\systems\SpawnSystem.ts:190 [SPAWN] Level 25: 865 enemies every 1.60s (Elite: true)
C:\Users\Miker\Documents\GitHub\squatzonedeuce\handcash-fullstack-template\components\game\systems\SpawnSystem.ts:190 [SPAWN] Level 25: 870 enemies every 1.60s (Elite: false)
C:\Users\Miker\Documents\GitHub\squatzonedeuce\handcash-fullstack-template\components\game\systems\SpawnSystem.ts:190 [SPAWN] Level 25: 875 enemies every 1.60s (Elite: false)
C:\Users\Miker\Documents\GitHub\squatzonedeuce\handcash-fullstack-template\components\game\systems\SpawnSystem.ts:190 [SPAWN] Level 25: 880 enemies every 1.60s (Elite: false)
C:\Users\Miker\Documents\GitHub\squatzonedeuce\handcash-fullstack-template\components\game\systems\SpawnSystem.ts:190 [SPAWN] Level 25: 885 enemies every 1.60s (Elite: false)
C:\Users\Miker\Documents\GitHub\squatzonedeuce\handcash-fullstack-template\components\game\systems\SpawnSystem.ts:190 [SPAWN] Level 25: 890 enemies every 1.60s (Elite: true)
C:\Users\Miker\Documents\GitHub\squatzonedeuce\handcash-fullstack-template\components\game\systems\SpawnSystem.ts:190 [SPAWN] Level 25: 896 enemies every 1.60s (Elite: false)
C:\Users\Miker\Documents\GitHub\squatzonedeuce\handcash-fullstack-template\components\game\systems\SpawnSystem.ts:190 [SPAWN] Level 25: 901 enemies every 1.60s (Elite: false)
C:\Users\Miker\Documents\GitHub\squatzonedeuce\handcash-fullstack-template\components\game\systems\SpawnSystem.ts:190 [SPAWN] Level 25: 906 enemies every 1.60s (Elite: false)
C:\Users\Miker\Documents\GitHub\squatzonedeuce\handcash-fullstack-template\components\game\systems\SpawnSystem.ts:190 [SPAWN] Level 25: 911 enemies every 1.60s (Elite: false)
C:\Users\Miker\Documents\GitHub\squatzonedeuce\handcash-fullstack-template\components\game\systems\SpawnSystem.ts:190 [SPAWN] Level 25: 916 enemies every 1.60s (Elite: true)
C:\Users\Miker\Documents\GitHub\squatzonedeuce\handcash-fullstack-template\components\game\systems\SpawnSystem.ts:190 [SPAWN] Level 25: 922 enemies every 1.60s (Elite: false)